{
  message: 'Invalid credentials for email admin@email.com',
  level: 'warn',
  timestamp: '2022-10-11T17:58:53.402Z'
}
{
  message: 'Invalid credentials for email admin@email.com',
  level: 'warn',
  timestamp: '2022-10-11T18:22:03.658Z'
}
{
  message: "TypeError: Cannot read properties of undefined (reading 'name')\n" +
    '    at C:\\Users\\Ander\\Documents\\Ander\\curso_bootcamp_backend\\vscode\\logging\\back\\src\\pods\\book\\book.rest-api.ts:21:10\n' +
    '    at Layer.handle [as handle_request] (C:\\Users\\Ander\\Documents\\Ander\\curso_bootcamp_backend\\vscode\\logging\\back\\node_modules\\express\\lib\\router\\layer.js:95:5)\n' +
    '    at next (C:\\Users\\Ander\\Documents\\Ander\\curso_bootcamp_backend\\vscode\\logging\\back\\node_modules\\express\\lib\\router\\route.js:144:13)\n' +
    '    at C:\\Users\\Ander\\Documents\\Ander\\curso_bootcamp_backend\\vscode\\logging\\back\\src\\pods\\security\\security.middlewares.ts:33:5\n' +
    '    at Layer.handle [as handle_request] (C:\\Users\\Ander\\Documents\\Ander\\curso_bootcamp_backend\\vscode\\logging\\back\\node_modules\\express\\lib\\router\\layer.js:95:5)\n' +
    '    at next (C:\\Users\\Ander\\Documents\\Ander\\curso_bootcamp_backend\\vscode\\logging\\back\\node_modules\\express\\lib\\router\\route.js:144:13)\n' +
    '    at Route.dispatch (C:\\Users\\Ander\\Documents\\Ander\\curso_bootcamp_backend\\vscode\\logging\\back\\node_modules\\express\\lib\\router\\route.js:114:3)\n' +
    '    at Layer.handle [as handle_request] (C:\\Users\\Ander\\Documents\\Ander\\curso_bootcamp_backend\\vscode\\logging\\back\\node_modules\\express\\lib\\router\\layer.js:95:5)\n' +
    '    at C:\\Users\\Ander\\Documents\\Ander\\curso_bootcamp_backend\\vscode\\logging\\back\\node_modules\\express\\lib\\router\\index.js:284:15\n' +
    '    at Function.process_params (C:\\Users\\Ander\\Documents\\Ander\\curso_bootcamp_backend\\vscode\\logging\\back\\node_modules\\express\\lib\\router\\index.js:346:12)',
  level: 'error',
  timestamp: '2022-10-11T18:26:24.621Z'
}
{
  message: 'Invalid credentials for email admin@email.com',
  level: 'warn',
  timestamp: '2022-10-11T18:55:02.645Z'
}
{
  message: "TypeError: Cannot read properties of undefined (reading 'name')\n" +
    '    at C:\\Users\\Ander\\Documents\\Ander\\curso_bootcamp_backend\\vscode\\logging\\back\\src\\pods\\book\\book.rest-api.ts:21:10\n' +
    '    at Layer.handle [as handle_request] (C:\\Users\\Ander\\Documents\\Ander\\curso_bootcamp_backend\\vscode\\logging\\back\\node_modules\\express\\lib\\router\\layer.js:95:5)\n' +
    '    at next (C:\\Users\\Ander\\Documents\\Ander\\curso_bootcamp_backend\\vscode\\logging\\back\\node_modules\\express\\lib\\router\\route.js:144:13)\n' +
    '    at C:\\Users\\Ander\\Documents\\Ander\\curso_bootcamp_backend\\vscode\\logging\\back\\src\\pods\\security\\security.middlewares.ts:33:5\n' +
    '    at Layer.handle [as handle_request] (C:\\Users\\Ander\\Documents\\Ander\\curso_bootcamp_backend\\vscode\\logging\\back\\node_modules\\express\\lib\\router\\layer.js:95:5)\n' +
    '    at next (C:\\Users\\Ander\\Documents\\Ander\\curso_bootcamp_backend\\vscode\\logging\\back\\node_modules\\express\\lib\\router\\route.js:144:13)\n' +
    '    at Route.dispatch (C:\\Users\\Ander\\Documents\\Ander\\curso_bootcamp_backend\\vscode\\logging\\back\\node_modules\\express\\lib\\router\\route.js:114:3)\n' +
    '    at Layer.handle [as handle_request] (C:\\Users\\Ander\\Documents\\Ander\\curso_bootcamp_backend\\vscode\\logging\\back\\node_modules\\express\\lib\\router\\layer.js:95:5)\n' +
    '    at C:\\Users\\Ander\\Documents\\Ander\\curso_bootcamp_backend\\vscode\\logging\\back\\node_modules\\express\\lib\\router\\index.js:284:15\n' +
    '    at Function.process_params (C:\\Users\\Ander\\Documents\\Ander\\curso_bootcamp_backend\\vscode\\logging\\back\\node_modules\\express\\lib\\router\\index.js:346:12)',
  level: 'error',
  timestamp: '2022-10-11T18:55:08.064Z'
}
